<?xml version="1.0" encoding="UTF-8"?>
<!-- Generated by org.testng.reporters.JUnitReportReporter -->
<testsuite hostname="NIA-PC" failures="0" tests="1" name="com.demoqa.testCode.Testing" time="0.015" errors="0" timestamp="2022-03-31T10:38:14 IST" skipped="0">
  <testcase classname="com.demoqa.testCode.Testing" name="TC01" time="0.015"/>
  <system-out/>
</testsuite> <!-- com.demoqa.testCode.Testing -->
